[2026-02-03 12:31:09.148755] 启动TW3.0增强系统...
[2026-02-03 12:31:09.148793] 初始化核心系统...
正在初始化AI分析引擎...
错误：找不到Katago引擎 (katago)
请确保已安装Katago并将其添加到PATH中
Katago不可用，尝试Leela Zero...
错误：找不到Leela Zero引擎 (leelaz)
错误：没有可用的AI引擎
警告：真实AI引擎不可用，将使用增强型模拟分析
TW3.0核心系统(无头模式)初始化完成
[2026-02-03 12:31:09.230467] 初始化持续学习系统...
[2026-02-03T12:31:09.231871] 完成一次学习步骤，处理了9条数据
持续学习系统已启动
[2026-02-03 12:31:09.232259] TW3.0增强系统启动完成
[2026-02-03 12:31:09.232950] 系统增强迭代 #0 完成
[2026-02-03 12:31:09.232990] 系统健康检查: healthy
[2026-02-03 12:31:09.233057] TW3.0增强系统运行中... 按 Ctrl+C 停止
[2026-02-03 12:31:14.234280] 系统健康检查: healthy
[2026-02-03T12:31:19.233178] 完成一次学习步骤，处理了7条数据
[2026-02-03 12:31:19.234836] 系统增强迭代 #10 完成
[2026-02-03 12:31:19.234876] 系统健康检查: healthy
[2026-02-03 12:31:24.235733] 系统健康检查: healthy
[2026-02-03T12:31:29.234147] 完成一次学习步骤，处理了5条数据
[2026-02-03 12:31:29.236285] 系统增强迭代 #20 完成
[2026-02-03 12:31:29.236328] 系统健康检查: healthy
[2026-02-03 12:31:34.236818] 系统健康检查: healthy
[2026-02-03T12:31:39.234947] 完成一次学习步骤，处理了7条数据
[2026-02-03 12:31:39.237295] 系统增强迭代 #30 完成
[2026-02-03 12:31:39.237324] 系统健康检查: healthy
[2026-02-03 12:31:44.237830] 系统健康检查: healthy
[2026-02-03T12:31:49.235463] 完成一次学习步骤，处理了13条数据
[2026-02-03T12:31:49.235635] 性能评估完成 - 总会话数: 5, 平均准确率: 1.0014
[2026-02-03 12:31:49.238896] 系统增强迭代 #40 完成
[2026-02-03 12:31:49.238927] 系统健康检查: healthy
[2026-02-03 12:31:54.239913] 系统健康检查: healthy
[2026-02-03T12:31:59.236150] 完成一次学习步骤，处理了11条数据
[2026-02-03 12:31:59.240532] 系统增强迭代 #50 完成
[2026-02-03 12:31:59.240577] 系统健康检查: healthy
[2026-02-03 12:32:04.241261] 系统健康检查: healthy
[2026-02-03T12:32:09.238927] 完成一次学习步骤，处理了9条数据
[2026-02-03 12:32:09.241793] 系统增强迭代 #60 完成
[2026-02-03 12:32:09.241837] 系统健康检查: healthy
[2026-02-03 12:32:14.242345] 系统健康检查: healthy
[2026-02-03T12:32:19.239687] 完成一次学习步骤，处理了8条数据
[2026-02-03 12:32:19.242777] 系统增强迭代 #70 完成
[2026-02-03 12:32:19.242809] 系统健康检查: healthy
[2026-02-03 12:32:24.247981] 系统健康检查: healthy
[2026-02-03T12:32:29.240328] 完成一次学习步骤，处理了13条数据
[2026-02-03 12:32:29.250038] 系统增强迭代 #80 完成
[2026-02-03 12:32:29.250071] 系统健康检查: healthy
[2026-02-03 12:32:34.251170] 系统健康检查: healthy
[2026-02-03T12:32:39.240992] 完成一次学习步骤，处理了12条数据
[2026-02-03T12:32:39.241124] 性能评估完成 - 总会话数: 10, 平均准确率: 1.0089
[2026-02-03 12:32:39.251723] 系统增强迭代 #90 完成
[2026-02-03 12:32:39.251780] 系统健康检查: healthy
[2026-02-03 12:32:44.253663] 系统健康检查: healthy
[2026-02-03T12:32:49.241731] 完成一次学习步骤，处理了10条数据
[2026-02-03 12:32:49.254219] 系统增强迭代 #100 完成
[2026-02-03 12:32:49.254272] 系统健康检查: healthy
[2026-02-03 12:32:54.254853] 系统健康检查: healthy
[2026-02-03T12:32:59.242369] 完成一次学习步骤，处理了11条数据
[2026-02-03 12:32:59.255449] 系统增强迭代 #110 完成
[2026-02-03 12:32:59.255488] 系统健康检查: healthy
[2026-02-03 12:33:04.260946] 系统健康检查: healthy
[2026-02-03T12:33:09.243068] 完成一次学习步骤，处理了11条数据
[2026-02-03 12:33:09.264110] 系统增强迭代 #120 完成
[2026-02-03 12:33:09.264151] 系统健康检查: healthy
[2026-02-03 12:33:14.264845] 系统健康检查: healthy
[2026-02-03T12:33:19.243764] 完成一次学习步骤，处理了11条数据
[2026-02-03 12:33:19.265424] 系统增强迭代 #130 完成
[2026-02-03 12:33:19.265461] 系统健康检查: healthy
[2026-02-03 12:33:24.266004] 系统健康检查: healthy
[2026-02-03T12:33:29.244449] 完成一次学习步骤，处理了12条数据
[2026-02-03T12:33:29.244571] 性能评估完成 - 总会话数: 15, 平均准确率: 1.0047
[2026-02-03 12:33:29.266529] 系统增强迭代 #140 完成
[2026-02-03 12:33:29.266564] 系统健康检查: healthy
[2026-02-03 12:33:34.267003] 系统健康检查: healthy
[2026-02-03T12:33:39.245180] 完成一次学习步骤，处理了13条数据
[2026-02-03 12:33:39.267563] 系统增强迭代 #150 完成
[2026-02-03 12:33:39.267601] 系统健康检查: healthy
[2026-02-03 12:33:44.268103] 系统健康检查: healthy
[2026-02-03T12:33:49.246019] 完成一次学习步骤，处理了5条数据
[2026-02-03 12:33:49.268632] 系统增强迭代 #160 完成
[2026-02-03 12:33:49.268666] 系统健康检查: healthy
[2026-02-03 12:33:54.269366] 系统健康检查: healthy
[2026-02-03T12:33:59.246765] 完成一次学习步骤，处理了13条数据
[2026-02-03 12:33:59.284990] 系统增强迭代 #170 完成
[2026-02-03 12:33:59.285025] 系统健康检查: healthy
[2026-02-03 12:34:04.288859] 系统健康检查: healthy
[2026-02-03T12:34:09.247475] 完成一次学习步骤，处理了11条数据
[2026-02-03 12:34:09.289350] 系统增强迭代 #180 完成
[2026-02-03 12:34:09.289387] 系统健康检查: healthy
[2026-02-03 12:34:14.289928] 系统健康检查: healthy
[2026-02-03T12:34:19.248585] 完成一次学习步骤，处理了14条数据
[2026-02-03T12:34:19.248828] 性能评估完成 - 总会话数: 20, 平均准确率: 1.0056
[2026-02-03 12:34:19.293564] 系统增强迭代 #190 完成
[2026-02-03 12:34:19.293617] 系统健康检查: healthy
[2026-02-03 12:34:24.295928] 系统健康检查: healthy
[2026-02-03T12:34:29.251994] 完成一次学习步骤，处理了9条数据
[2026-02-03 12:34:29.296444] 系统增强迭代 #200 完成
[2026-02-03 12:34:29.296480] 系统健康检查: healthy
[2026-02-03 12:34:34.297842] 系统健康检查: healthy
[2026-02-03T12:34:39.252785] 完成一次学习步骤，处理了13条数据
[2026-02-03 12:34:39.298385] 系统增强迭代 #210 完成
[2026-02-03 12:34:39.298435] 系统健康检查: healthy
[2026-02-03 12:34:44.299184] 系统健康检查: healthy
[2026-02-03T12:34:49.253879] 完成一次学习步骤，处理了11条数据
[2026-02-03 12:34:49.299716] 系统增强迭代 #220 完成
[2026-02-03 12:34:49.299785] 系统健康检查: healthy
[2026-02-03 12:34:54.301852] 系统健康检查: healthy
[2026-02-03T12:34:59.254631] 完成一次学习步骤，处理了11条数据
[2026-02-03 12:34:59.302434] 系统增强迭代 #230 完成
[2026-02-03 12:34:59.302472] 系统健康检查: healthy
[2026-02-03 12:35:04.303015] 系统健康检查: healthy
[2026-02-03T12:35:09.255379] 完成一次学习步骤，处理了14条数据
[2026-02-03T12:35:09.255506] 性能评估完成 - 总会话数: 25, 平均准确率: 1.0090
[2026-02-03 12:35:09.303513] 系统增强迭代 #240 完成
[2026-02-03 12:35:09.303549] 系统健康检查: healthy
[2026-02-03 12:35:14.304049] 系统健康检查: healthy
[2026-02-03T12:35:19.256360] 完成一次学习步骤，处理了13条数据
[2026-02-03 12:35:19.304553] 系统增强迭代 #250 完成
[2026-02-03 12:35:19.304596] 系统健康检查: healthy
[2026-02-03 12:35:24.305150] 系统健康检查: healthy
[2026-02-03T12:35:29.257245] 完成一次学习步骤，处理了11条数据
[2026-02-03 12:35:29.305687] 系统增强迭代 #260 完成
[2026-02-03 12:35:29.305765] 系统健康检查: healthy
[2026-02-03 12:35:34.308108] 系统健康检查: healthy
[2026-02-03T12:35:39.258507] 完成一次学习步骤，处理了11条数据
[2026-02-03 12:35:39.308675] 系统增强迭代 #270 完成
[2026-02-03 12:35:39.308726] 系统健康检查: healthy
[2026-02-03 12:35:44.309263] 系统健康检查: healthy
[2026-02-03T12:35:49.259386] 完成一次学习步骤，处理了5条数据
[2026-02-03 12:35:49.309842] 系统增强迭代 #280 完成
[2026-02-03 12:35:49.309897] 系统健康检查: healthy
[2026-02-03 12:35:54.310407] 系统健康检查: healthy
[2026-02-03T12:35:59.260276] 完成一次学习步骤，处理了7条数据
[2026-02-03T12:35:59.260396] 性能评估完成 - 总会话数: 30, 平均准确率: 1.0074
[2026-02-03 12:35:59.313101] 系统增强迭代 #290 完成
[2026-02-03 12:35:59.313158] 系统健康检查: healthy
[2026-02-03 12:36:04.313699] 系统健康检查: healthy
[2026-02-03T12:36:09.262868] 完成一次学习步骤，处理了9条数据
[2026-02-03 12:36:09.314298] 系统增强迭代 #300 完成
[2026-02-03 12:36:09.314354] 系统健康检查: healthy
[2026-02-03 12:36:14.314896] 系统健康检查: healthy
[2026-02-03T12:36:19.263929] 完成一次学习步骤，处理了11条数据
[2026-02-03 12:36:19.315458] 系统增强迭代 #310 完成
[2026-02-03 12:36:19.315494] 系统健康检查: healthy
[2026-02-03 12:36:24.316132] 系统健康检查: healthy
[2026-02-03T12:36:29.264911] 完成一次学习步骤，处理了14条数据
[2026-02-03 12:36:29.316788] 系统增强迭代 #320 完成
[2026-02-03 12:36:29.316828] 系统健康检查: healthy
[2026-02-03 12:36:34.318212] 系统健康检查: healthy
[2026-02-03T12:36:39.269911] 完成一次学习步骤，处理了10条数据
[2026-02-03 12:36:39.323927] 系统增强迭代 #330 完成
[2026-02-03 12:36:39.323980] 系统健康检查: healthy
[2026-02-03 12:36:44.333042] 系统健康检查: healthy
[2026-02-03T12:36:49.278824] 完成一次学习步骤，处理了15条数据
[2026-02-03T12:36:49.279038] 性能评估完成 - 总会话数: 35, 平均准确率: 1.0077
[2026-02-03 12:36:49.333525] 系统增强迭代 #340 完成
[2026-02-03 12:36:49.333579] 系统健康检查: healthy
[2026-02-03 12:36:54.334043] 系统健康检查: healthy
[2026-02-03T12:36:59.282862] 完成一次学习步骤，处理了7条数据
[2026-02-03 12:36:59.334543] 系统增强迭代 #350 完成
[2026-02-03 12:36:59.334577] 系统健康检查: healthy
[2026-02-03 12:37:04.335123] 系统健康检查: healthy
[2026-02-03T12:37:09.284586] 完成一次学习步骤，处理了7条数据
[2026-02-03 12:37:09.335708] 系统增强迭代 #360 完成
[2026-02-03 12:37:09.335794] 系统健康检查: healthy
[2026-02-03 12:37:14.338085] 系统健康检查: healthy
[2026-02-03T12:37:19.286307] 完成一次学习步骤，处理了5条数据
[2026-02-03 12:37:19.338638] 系统增强迭代 #370 完成
[2026-02-03 12:37:19.338677] 系统健康检查: healthy
[2026-02-03 12:37:24.340162] 系统健康检查: healthy
[2026-02-03T12:37:29.287857] 完成一次学习步骤，处理了13条数据
[2026-02-03 12:37:29.340786] 系统增强迭代 #380 完成
[2026-02-03 12:37:29.340824] 系统健康检查: healthy
[2026-02-03 12:37:34.341426] 系统健康检查: healthy
[2026-02-03T12:37:39.289404] 完成一次学习步骤，处理了12条数据
[2026-02-03T12:37:39.289620] 性能评估完成 - 总会话数: 40, 平均准确率: 1.0040
[2026-02-03 12:37:39.342118] 系统增强迭代 #390 完成
[2026-02-03 12:37:39.342169] 系统健康检查: healthy
[2026-02-03 12:37:44.344543] 系统健康检查: healthy
[2026-02-03T12:37:49.292254] 完成一次学习步骤，处理了9条数据
[2026-02-03 12:37:49.345189] 系统增强迭代 #400 完成
[2026-02-03 12:37:49.345242] 系统健康检查: healthy
[2026-02-03 12:37:54.345774] 系统健康检查: healthy
[2026-02-03T12:37:59.294435] 完成一次学习步骤，处理了8条数据
[2026-02-03 12:37:59.346449] 系统增强迭代 #410 完成
[2026-02-03 12:37:59.346502] 系统健康检查: healthy
[2026-02-03 12:38:04.347259] 系统健康检查: healthy
[2026-02-03T12:38:09.296892] 完成一次学习步骤，处理了11条数据
[2026-02-03 12:38:09.347841] 系统增强迭代 #420 完成
[2026-02-03 12:38:09.347877] 系统健康检查: healthy
[2026-02-03 12:38:14.348850] 系统健康检查: healthy
[2026-02-03T12:38:19.297919] 完成一次学习步骤，处理了9条数据
[2026-02-03 12:38:19.349811] 系统增强迭代 #430 完成
[2026-02-03 12:38:19.349846] 系统健康检查: healthy
[2026-02-03 12:38:24.350356] 系统健康检查: healthy
[2026-02-03T12:38:29.307512] 完成一次学习步骤，处理了14条数据
[2026-02-03T12:38:29.307663] 性能评估完成 - 总会话数: 45, 平均准确率: 1.0010
[2026-02-03 12:38:29.350897] 系统增强迭代 #440 完成
[2026-02-03 12:38:29.350932] 系统健康检查: healthy
[2026-02-03 12:38:34.351457] 系统健康检查: healthy
[2026-02-03T12:38:39.308586] 完成一次学习步骤，处理了10条数据
[2026-02-03 12:38:39.352035] 系统增强迭代 #450 完成
[2026-02-03 12:38:39.352072] 系统健康检查: healthy
[2026-02-03 12:38:44.352626] 系统健康检查: healthy
[2026-02-03T12:38:49.309644] 完成一次学习步骤，处理了14条数据
[2026-02-03 12:38:49.353324] 系统增强迭代 #460 完成
[2026-02-03 12:38:49.353368] 系统健康检查: healthy
[2026-02-03 12:38:54.354986] 系统健康检查: healthy
[2026-02-03T12:38:59.310761] 完成一次学习步骤，处理了14条数据
[2026-02-03 12:38:59.355539] 系统增强迭代 #470 完成
[2026-02-03 12:38:59.355591] 系统健康检查: healthy
[2026-02-03 12:39:04.357294] 系统健康检查: healthy
[2026-02-03T12:39:09.311824] 完成一次学习步骤，处理了7条数据
[2026-02-03 12:39:09.357864] 系统增强迭代 #480 完成
[2026-02-03 12:39:09.357919] 系统健康检查: healthy
[2026-02-03 12:39:14.358496] 系统健康检查: healthy
[2026-02-03T12:39:19.313495] 完成一次学习步骤，处理了6条数据
[2026-02-03T12:39:19.313672] 性能评估完成 - 总会话数: 50, 平均准确率: 1.0088
[2026-02-03 12:39:19.359079] 系统增强迭代 #490 完成
[2026-02-03 12:39:19.359132] 系统健康检查: healthy
[2026-02-03 12:39:24.359732] 系统健康检查: healthy
[2026-02-03T12:39:29.315374] 完成一次学习步骤，处理了6条数据
[2026-02-03 12:39:29.361239] 系统增强迭代 #500 完成
[2026-02-03 12:39:29.361295] 系统健康检查: healthy
[2026-02-03 12:39:34.361855] 系统健康检查: healthy
[2026-02-03T12:39:39.322766] 完成一次学习步骤，处理了15条数据
[2026-02-03 12:39:39.363952] 系统增强迭代 #510 完成
[2026-02-03 12:39:39.364017] 系统健康检查: healthy
[2026-02-03 12:39:44.378057] 系统健康检查: healthy
[2026-02-03T12:39:49.332769] 完成一次学习步骤，处理了12条数据
[2026-02-03 12:39:49.387875] 系统增强迭代 #520 完成
[2026-02-03 12:39:49.387927] 系统健康检查: healthy
[2026-02-03 12:39:54.403855] 系统健康检查: healthy
[2026-02-03T12:39:59.341885] 完成一次学习步骤，处理了6条数据
[2026-02-03 12:39:59.407629] 系统增强迭代 #530 完成
[2026-02-03 12:39:59.407666] 系统健康检查: healthy
[2026-02-03 12:40:04.408244] 系统健康检查: healthy
[2026-02-03T12:40:09.343162] 完成一次学习步骤，处理了10条数据
[2026-02-03T12:40:09.343322] 性能评估完成 - 总会话数: 55, 平均准确率: 1.0012
[2026-02-03 12:40:09.408834] 系统增强迭代 #540 完成
[2026-02-03 12:40:09.408875] 系统健康检查: healthy
[2026-02-03 12:40:14.411051] 系统健康检查: healthy
[2026-02-03T12:40:19.344371] 完成一次学习步骤，处理了12条数据
[2026-02-03 12:40:19.411560] 系统增强迭代 #550 完成
[2026-02-03 12:40:19.411596] 系统健康检查: healthy
[2026-02-03 12:40:24.413849] 系统健康检查: healthy
[2026-02-03T12:40:29.345634] 完成一次学习步骤，处理了11条数据
[2026-02-03 12:40:29.414438] 系统增强迭代 #560 完成
[2026-02-03 12:40:29.414476] 系统健康检查: healthy
[2026-02-03 12:40:34.415018] 系统健康检查: healthy
[2026-02-03T12:40:39.346855] 完成一次学习步骤，处理了5条数据
[2026-02-03 12:40:39.415664] 系统增强迭代 #570 完成
[2026-02-03 12:40:39.415711] 系统健康检查: healthy
[2026-02-03 12:40:44.417188] 系统健康检查: healthy
[2026-02-03T12:40:49.348115] 完成一次学习步骤，处理了10条数据
[2026-02-03 12:40:49.421934] 系统增强迭代 #580 完成
[2026-02-03 12:40:49.422077] 系统健康检查: healthy
[2026-02-03 12:40:54.425049] 系统健康检查: healthy
[2026-02-03T12:40:59.350253] 完成一次学习步骤，处理了8条数据
[2026-02-03T12:40:59.350452] 性能评估完成 - 总会话数: 60, 平均准确率: 1.0032
[2026-02-03 12:40:59.425620] 系统增强迭代 #590 完成
[2026-02-03 12:40:59.425659] 系统健康检查: healthy
[2026-02-03 12:41:04.426216] 系统健康检查: healthy
[2026-02-03T12:41:09.352708] 完成一次学习步骤，处理了11条数据
[2026-02-03 12:41:09.426803] 系统增强迭代 #600 完成
[2026-02-03 12:41:09.426842] 系统健康检查: healthy
[2026-02-03 12:41:14.427460] 系统健康检查: healthy
[2026-02-03T12:41:19.355096] 完成一次学习步骤，处理了10条数据
[2026-02-03 12:41:19.429797] 系统增强迭代 #610 完成
[2026-02-03 12:41:19.429853] 系统健康检查: healthy
[2026-02-03 12:41:24.430423] 系统健康检查: healthy
[2026-02-03T12:41:29.356777] 完成一次学习步骤，处理了14条数据
[2026-02-03 12:41:29.432076] 系统增强迭代 #620 完成
[2026-02-03 12:41:29.432127] 系统健康检查: healthy
[2026-02-03 12:41:34.435218] 系统健康检查: healthy
[2026-02-03T12:41:39.359623] 完成一次学习步骤，处理了6条数据
[2026-02-03 12:41:39.435810] 系统增强迭代 #630 完成
[2026-02-03 12:41:39.435859] 系统健康检查: healthy
[2026-02-03 12:41:44.436437] 系统健康检查: healthy
[2026-02-03T12:41:49.362773] 完成一次学习步骤，处理了13条数据
[2026-02-03T12:41:49.363004] 性能评估完成 - 总会话数: 65, 平均准确率: 1.0053
[2026-02-03 12:41:49.438758] 系统增强迭代 #640 完成
[2026-02-03 12:41:49.438821] 系统健康检查: healthy
[2026-02-03 12:41:54.439396] 系统健康检查: healthy
[2026-02-03T12:41:59.365871] 完成一次学习步骤，处理了7条数据
[2026-02-03 12:41:59.440012] 系统增强迭代 #650 完成
[2026-02-03 12:41:59.440067] 系统健康检查: healthy
[2026-02-03 12:42:04.440623] 系统健康检查: healthy
[2026-02-03T12:42:09.367230] 完成一次学习步骤，处理了11条数据
[2026-02-03 12:42:09.441206] 系统增强迭代 #660 完成
[2026-02-03 12:42:09.441243] 系统健康检查: healthy
[2026-02-03 12:42:14.441802] 系统健康检查: healthy
[2026-02-03T12:42:19.368600] 完成一次学习步骤，处理了13条数据
[2026-02-03 12:42:19.442398] 系统增强迭代 #670 完成
[2026-02-03 12:42:19.442456] 系统健康检查: healthy
[2026-02-03 12:42:24.442939] 系统健康检查: healthy
[2026-02-03T12:42:29.369937] 完成一次学习步骤，处理了6条数据
[2026-02-03 12:42:29.444772] 系统增强迭代 #680 完成
[2026-02-03 12:42:29.444828] 系统健康检查: healthy
[2026-02-03 12:42:34.446584] 系统健康检查: healthy
[2026-02-03T12:42:39.371991] 完成一次学习步骤，处理了7条数据
[2026-02-03T12:42:39.372161] 性能评估完成 - 总会话数: 70, 平均准确率: 1.0012
[2026-02-03 12:42:39.447189] 系统增强迭代 #690 完成
[2026-02-03 12:42:39.447238] 系统健康检查: healthy
[2026-02-03 12:42:44.447817] 系统健康检查: healthy
[2026-02-03T12:42:49.373387] 完成一次学习步骤，处理了7条数据
[2026-02-03 12:42:49.448392] 系统增强迭代 #700 完成
[2026-02-03 12:42:49.448428] 系统健康检查: healthy
[2026-02-03 12:42:54.448997] 系统健康检查: healthy
[2026-02-03T12:42:59.374771] 完成一次学习步骤，处理了15条数据
[2026-02-03 12:42:59.449778] 系统增强迭代 #710 完成
[2026-02-03 12:42:59.449834] 系统健康检查: healthy
[2026-02-03 12:43:04.450378] 系统健康检查: healthy
[2026-02-03T12:43:09.376275] 完成一次学习步骤，处理了7条数据
[2026-02-03 12:43:09.451878] 系统增强迭代 #720 完成
[2026-02-03 12:43:09.451933] 系统健康检查: healthy
[2026-02-03 12:43:14.452486] 系统健康检查: healthy
[2026-02-03T12:43:19.377716] 完成一次学习步骤，处理了13条数据
[2026-02-03 12:43:19.455862] 系统增强迭代 #730 完成
[2026-02-03 12:43:19.455974] 系统健康检查: healthy
[2026-02-03 12:43:24.457149] 系统健康检查: healthy
[2026-02-03T12:43:29.380300] 完成一次学习步骤，处理了9条数据
[2026-02-03T12:43:29.380508] 性能评估完成 - 总会话数: 75, 平均准确率: 1.0037
[2026-02-03 12:43:29.457829] 系统增强迭代 #740 完成
[2026-02-03 12:43:29.457885] 系统健康检查: healthy
[2026-02-03 12:43:34.458428] 系统健康检查: healthy
[2026-02-03T12:43:39.382967] 完成一次学习步骤，处理了8条数据
[2026-02-03 12:43:39.458960] 系统增强迭代 #750 完成
[2026-02-03 12:43:39.459021] 系统健康检查: healthy
[2026-02-03 12:43:44.459593] 系统健康检查: healthy
[2026-02-03T12:43:49.385554] 完成一次学习步骤，处理了13条数据
[2026-02-03 12:43:49.461907] 系统增强迭代 #760 完成
[2026-02-03 12:43:49.461967] 系统健康检查: healthy
[2026-02-03 12:43:54.462594] 系统健康检查: healthy
[2026-02-03T12:43:59.390436] 完成一次学习步骤，处理了7条数据
[2026-02-03 12:43:59.463170] 系统增强迭代 #770 完成
[2026-02-03 12:43:59.463213] 系统健康检查: healthy
[2026-02-03 12:44:04.465126] 系统健康检查: healthy
[2026-02-03T12:44:09.392989] 完成一次学习步骤，处理了12条数据
[2026-02-03 12:44:09.466634] 系统增强迭代 #780 完成
[2026-02-03 12:44:09.466670] 系统健康检查: healthy
[2026-02-03 12:44:14.467208] 系统健康检查: healthy
[2026-02-03T12:44:19.394468] 完成一次学习步骤，处理了8条数据
[2026-02-03T12:44:19.394625] 性能评估完成 - 总会话数: 80, 平均准确率: 1.0087
[2026-02-03 12:44:19.467770] 系统增强迭代 #790 完成
[2026-02-03 12:44:19.467810] 系统健康检查: healthy
[2026-02-03 12:44:24.468383] 系统健康检查: healthy
[2026-02-03T12:44:29.396124] 完成一次学习步骤，处理了13条数据
[2026-02-03 12:44:29.470241] 系统增强迭代 #800 完成
[2026-02-03 12:44:29.470280] 系统健康检查: healthy
[2026-02-03 12:44:34.472856] 系统健康检查: healthy
[2026-02-03T12:44:39.397632] 完成一次学习步骤，处理了9条数据
[2026-02-03 12:44:39.473447] 系统增强迭代 #810 完成
[2026-02-03 12:44:39.473482] 系统健康检查: healthy
[2026-02-03 12:44:44.475373] 系统健康检查: healthy
[2026-02-03T12:44:49.399177] 完成一次学习步骤，处理了14条数据
[2026-02-03 12:44:49.475903] 系统增强迭代 #820 完成
[2026-02-03 12:44:49.475946] 系统健康检查: healthy
[2026-02-03 12:44:54.476473] 系统健康检查: healthy
[2026-02-03T12:44:59.401683] 完成一次学习步骤，处理了11条数据
[2026-02-03 12:44:59.477043] 系统增强迭代 #830 完成
[2026-02-03 12:44:59.477081] 系统健康检查: healthy
[2026-02-03 12:45:04.478091] 系统健康检查: healthy
[2026-02-03T12:45:09.403206] 完成一次学习步骤，处理了14条数据
[2026-02-03T12:45:09.403387] 性能评估完成 - 总会话数: 85, 平均准确率: 1.0012
[2026-02-03 12:45:09.480950] 系统增强迭代 #840 完成
[2026-02-03 12:45:09.481010] 系统健康检查: healthy
[2026-02-03 12:45:14.481577] 系统健康检查: healthy
[2026-02-03T12:45:19.404875] 完成一次学习步骤，处理了11条数据
[2026-02-03 12:45:19.482149] 系统增强迭代 #850 完成
[2026-02-03 12:45:19.482186] 系统健康检查: healthy
[2026-02-03 12:45:24.482694] 系统健康检查: healthy
[2026-02-03T12:45:29.407896] 完成一次学习步骤，处理了6条数据
[2026-02-03 12:45:29.483239] 系统增强迭代 #860 完成
[2026-02-03 12:45:29.483280] 系统健康检查: healthy
[2026-02-03 12:45:34.483861] 系统健康检查: healthy
[2026-02-03T12:45:39.410566] 完成一次学习步骤，处理了13条数据
[2026-02-03 12:45:39.484423] 系统增强迭代 #870 完成
[2026-02-03 12:45:39.484459] 系统健康检查: healthy
[2026-02-03 12:45:44.485035] 系统健康检查: healthy
[2026-02-03T12:45:49.413361] 完成一次学习步骤，处理了7条数据
[2026-02-03 12:45:49.487168] 系统增强迭代 #880 完成
[2026-02-03 12:45:49.487223] 系统健康检查: healthy
[2026-02-03 12:45:54.487770] 系统健康检查: healthy
[2026-02-03T12:45:59.416246] 完成一次学习步骤，处理了6条数据
[2026-02-03T12:45:59.416459] 性能评估完成 - 总会话数: 90, 平均准确率: 1.0025
[2026-02-03 12:45:59.488445] 系统增强迭代 #890 完成
[2026-02-03 12:45:59.488499] 系统健康检查: healthy
[2026-02-03 12:46:04.489068] 系统健康检查: healthy
[2026-02-03T12:46:09.418979] 完成一次学习步骤，处理了12条数据
[2026-02-03 12:46:09.489667] 系统增强迭代 #900 完成
[2026-02-03 12:46:09.489719] 系统健康检查: healthy
[2026-02-03 12:46:14.490237] 系统健康检查: healthy
[2026-02-03T12:46:19.420546] 完成一次学习步骤，处理了5条数据
[2026-02-03 12:46:19.490839] 系统增强迭代 #910 完成
[2026-02-03 12:46:19.490876] 系统健康检查: healthy
[2026-02-03 12:46:24.491377] 系统健康检查: healthy
[2026-02-03T12:46:29.422095] 完成一次学习步骤，处理了13条数据
[2026-02-03 12:46:29.493191] 系统增强迭代 #920 完成
[2026-02-03 12:46:29.493231] 系统健康检查: healthy
[2026-02-03 12:46:34.493822] 系统健康检查: healthy
[2026-02-03T12:46:39.423901] 完成一次学习步骤，处理了14条数据
[2026-02-03 12:46:39.494414] 系统增强迭代 #930 完成
[2026-02-03 12:46:39.494450] 系统健康检查: healthy
[2026-02-03 12:46:44.495040] 系统健康检查: healthy
[2026-02-03T12:46:49.425501] 完成一次学习步骤，处理了12条数据
[2026-02-03T12:46:49.425674] 性能评估完成 - 总会话数: 95, 平均准确率: 1.0075
[2026-02-03 12:46:49.496225] 系统增强迭代 #940 完成
[2026-02-03 12:46:49.496261] 系统健康检查: healthy
[2026-02-03 12:46:54.497080] 系统健康检查: healthy
[2026-02-03T12:46:59.427309] 完成一次学习步骤，处理了7条数据
[2026-02-03 12:46:59.497672] 系统增强迭代 #950 完成
[2026-02-03 12:46:59.497711] 系统健康检查: healthy
[2026-02-03 12:47:04.498713] 系统健康检查: healthy
[2026-02-03T12:47:09.429022] 完成一次学习步骤，处理了15条数据
[2026-02-03 12:47:09.499405] 系统增强迭代 #960 完成
[2026-02-03 12:47:09.499440] 系统健康检查: healthy
[2026-02-03 12:47:14.501926] 系统健康检查: healthy
[2026-02-03T12:47:19.430611] 完成一次学习步骤，处理了11条数据
[2026-02-03 12:47:19.502524] 系统增强迭代 #970 完成
[2026-02-03 12:47:19.502563] 系统健康检查: healthy
[2026-02-03 12:47:24.503073] 系统健康检查: healthy
[2026-02-03T12:47:29.435232] 完成一次学习步骤，处理了6条数据
[2026-02-03 12:47:29.504865] 系统增强迭代 #980 完成
[2026-02-03 12:47:29.504917] 系统健康检查: healthy
[2026-02-03 12:47:34.505437] 系统健康检查: healthy
[2026-02-03T12:47:39.437836] 完成一次学习步骤，处理了8条数据
[2026-02-03T12:47:39.438080] 性能评估完成 - 总会话数: 100, 平均准确率: 1.0088
[2026-02-03 12:47:39.507020] 系统增强迭代 #990 完成
[2026-02-03 12:47:39.507057] 系统健康检查: healthy
[2026-02-03 12:47:44.508200] 系统健康检查: healthy
[2026-02-03T12:47:49.440722] 完成一次学习步骤，处理了14条数据
[2026-02-03 12:47:49.508781] 系统增强迭代 #1000 完成
[2026-02-03 12:47:49.508818] 系统健康检查: healthy
[2026-02-03 12:47:54.509290] 系统健康检查: healthy
[2026-02-03T12:47:59.444808] 完成一次学习步骤，处理了5条数据
[2026-02-03 12:47:59.509840] 系统增强迭代 #1010 完成
[2026-02-03 12:47:59.509876] 系统健康检查: healthy
[2026-02-03 12:48:04.510457] 系统健康检查: healthy
[2026-02-03T12:48:09.447626] 完成一次学习步骤，处理了15条数据
[2026-02-03 12:48:09.511068] 系统增强迭代 #1020 完成
[2026-02-03 12:48:09.511104] 系统健康检查: healthy
[2026-02-03 12:48:14.511645] 系统健康检查: healthy
[2026-02-03T12:48:19.449524] 完成一次学习步骤，处理了6条数据
[2026-02-03 12:48:19.512204] 系统增强迭代 #1030 完成
[2026-02-03 12:48:19.512244] 系统健康检查: healthy
[2026-02-03 12:48:24.512805] 系统健康检查: healthy
[2026-02-03T12:48:29.451297] 完成一次学习步骤，处理了5条数据
[2026-02-03T12:48:29.451455] 性能评估完成 - 总会话数: 105, 平均准确率: 1.0014
[2026-02-03 12:48:29.513362] 系统增强迭代 #1040 完成
[2026-02-03 12:48:29.513398] 系统健康检查: healthy
[2026-02-03 12:48:34.513911] 系统健康检查: healthy
[2026-02-03T12:48:39.453122] 完成一次学习步骤，处理了15条数据
[2026-02-03 12:48:39.514434] 系统增强迭代 #1050 完成
[2026-02-03 12:48:39.514470] 系统健康检查: healthy
[2026-02-03 12:48:44.515068] 系统健康检查: healthy
[2026-02-03T12:48:49.454916] 完成一次学习步骤，处理了8条数据
[2026-02-03 12:48:49.515601] 系统增强迭代 #1060 完成
[2026-02-03 12:48:49.515637] 系统健康检查: healthy
[2026-02-03 12:48:54.516072] 系统健康检查: healthy
[2026-02-03T12:48:59.457022] 完成一次学习步骤，处理了7条数据
[2026-02-03 12:48:59.516656] 系统增强迭代 #1070 完成
[2026-02-03 12:48:59.516709] 系统健康检查: healthy
[2026-02-03 12:49:04.517250] 系统健康检查: healthy
[2026-02-03T12:49:09.458775] 完成一次学习步骤，处理了9条数据
[2026-02-03 12:49:09.517832] 系统增强迭代 #1080 完成
[2026-02-03 12:49:09.517870] 系统健康检查: healthy
[2026-02-03 12:49:14.518379] 系统健康检查: healthy
[2026-02-03T12:49:19.460711] 完成一次学习步骤，处理了8条数据
[2026-02-03T12:49:19.460984] 性能评估完成 - 总会话数: 110, 平均准确率: 1.0030
[2026-02-03 12:49:19.518965] 系统增强迭代 #1090 完成
[2026-02-03 12:49:19.519016] 系统健康检查: healthy
[2026-02-03 12:49:24.519573] 系统健康检查: healthy
[2026-02-03T12:49:29.464291] 完成一次学习步骤，处理了10条数据
[2026-02-03 12:49:29.520151] 系统增强迭代 #1100 完成
[2026-02-03 12:49:29.520202] 系统健康检查: healthy
[2026-02-03 12:49:34.520795] 系统健康检查: healthy
[2026-02-03T12:49:39.466782] 完成一次学习步骤，处理了9条数据
[2026-02-03 12:49:39.521425] 系统增强迭代 #1110 完成
[2026-02-03 12:49:39.521476] 系统健康检查: healthy
[2026-02-03 12:49:44.522011] 系统健康检查: healthy
[2026-02-03T12:49:49.471930] 完成一次学习步骤，处理了15条数据
[2026-02-03 12:49:49.522616] 系统增强迭代 #1120 完成
[2026-02-03 12:49:49.522674] 系统健康检查: healthy
[2026-02-03 12:49:54.523185] 系统健康检查: healthy
[2026-02-03T12:49:59.479771] 完成一次学习步骤，处理了6条数据
[2026-02-03 12:49:59.523727] 系统增强迭代 #1130 完成
[2026-02-03 12:49:59.523796] 系统健康检查: healthy
[2026-02-03 12:50:04.524347] 系统健康检查: healthy
[2026-02-03T12:50:09.483269] 完成一次学习步骤，处理了11条数据
[2026-02-03T12:50:09.483479] 性能评估完成 - 总会话数: 115, 平均准确率: 1.0063
[2026-02-03 12:50:09.525855] 系统增强迭代 #1140 完成
[2026-02-03 12:50:09.525908] 系统健康检查: healthy
[2026-02-03 12:50:14.526443] 系统健康检查: healthy
[2026-02-03T12:50:19.488533] 完成一次学习步骤，处理了13条数据
[2026-02-03 12:50:19.526939] 系统增强迭代 #1150 完成
[2026-02-03 12:50:19.526977] 系统健康检查: healthy
[2026-02-03 12:50:24.527512] 系统健康检查: healthy
[2026-02-03T12:50:29.490381] 完成一次学习步骤，处理了7条数据
[2026-02-03 12:50:29.528040] 系统增强迭代 #1160 完成
[2026-02-03 12:50:29.528081] 系统健康检查: healthy
[2026-02-03 12:50:34.528923] 系统健康检查: healthy
[2026-02-03T12:50:39.492602] 完成一次学习步骤，处理了9条数据
[2026-02-03 12:50:39.529436] 系统增强迭代 #1170 完成
[2026-02-03 12:50:39.529472] 系统健康检查: healthy
[2026-02-03 12:50:44.530034] 系统健康检查: healthy
[2026-02-03T12:50:49.494670] 完成一次学习步骤，处理了7条数据
[2026-02-03 12:50:49.530598] 系统增强迭代 #1180 完成
[2026-02-03 12:50:49.530638] 系统健康检查: healthy
[2026-02-03 12:50:54.532063] 系统健康检查: healthy
[2026-02-03T12:50:59.496757] 完成一次学习步骤，处理了7条数据
[2026-02-03T12:50:59.497023] 性能评估完成 - 总会话数: 120, 平均准确率: 1.0053
[2026-02-03 12:50:59.532800] 系统增强迭代 #1190 完成
[2026-02-03 12:50:59.532854] 系统健康检查: healthy
[2026-02-03 12:51:04.535184] 系统健康检查: healthy
[2026-02-03T12:51:09.498815] 完成一次学习步骤，处理了10条数据
[2026-02-03 12:51:09.535788] 系统增强迭代 #1200 完成
[2026-02-03 12:51:09.535825] 系统健康检查: healthy
[2026-02-03 12:51:14.536396] 系统健康检查: healthy
[2026-02-03T12:51:19.500782] 完成一次学习步骤，处理了13条数据
[2026-02-03 12:51:19.536962] 系统增强迭代 #1210 完成
[2026-02-03 12:51:19.537017] 系统健康检查: healthy
[2026-02-03 12:51:24.537590] 系统健康检查: healthy
[2026-02-03T12:51:29.504045] 完成一次学习步骤，处理了15条数据
[2026-02-03 12:51:29.538137] 系统增强迭代 #1220 完成
[2026-02-03 12:51:29.538188] 系统健康检查: healthy
[2026-02-03 12:51:34.538706] 系统健康检查: healthy
[2026-02-03T12:51:39.508765] 完成一次学习步骤，处理了14条数据
[2026-02-03 12:51:39.541644] 系统增强迭代 #1230 完成
[2026-02-03 12:51:39.541698] 系统健康检查: healthy
[2026-02-03 12:51:44.542324] 系统健康检查: healthy
[2026-02-03T12:51:49.511101] 完成一次学习步骤，处理了10条数据
[2026-02-03T12:51:49.511342] 性能评估完成 - 总会话数: 125, 平均准确率: 1.0069
[2026-02-03 12:51:49.543860] 系统增强迭代 #1240 完成
[2026-02-03 12:51:49.543909] 系统健康检查: healthy
[2026-02-03 12:51:54.544466] 系统健康检查: healthy
[2026-02-03T12:51:59.514165] 完成一次学习步骤，处理了13条数据
[2026-02-03 12:51:59.546980] 系统增强迭代 #1250 完成
[2026-02-03 12:51:59.547036] 系统健康检查: healthy
[2026-02-03 12:52:04.547592] 系统健康检查: healthy
[2026-02-03T12:52:09.517669] 完成一次学习步骤，处理了9条数据
[2026-02-03 12:52:09.549002] 系统增强迭代 #1260 完成
[2026-02-03 12:52:09.549039] 系统健康检查: healthy
[2026-02-03 12:52:14.549522] 系统健康检查: healthy
[2026-02-03T12:52:19.520060] 完成一次学习步骤，处理了10条数据
[2026-02-03 12:52:19.550057] 系统增强迭代 #1270 完成
[2026-02-03 12:52:19.550105] 系统健康检查: healthy
[2026-02-03 12:52:24.551538] 系统健康检查: healthy
[2026-02-03T12:52:29.522014] 完成一次学习步骤，处理了8条数据
[2026-02-03 12:52:29.553055] 系统增强迭代 #1280 完成
[2026-02-03 12:52:29.553104] 系统健康检查: healthy
[2026-02-03 12:52:34.553666] 系统健康检查: healthy
[2026-02-03T12:52:39.524239] 完成一次学习步骤，处理了9条数据
[2026-02-03T12:52:39.524421] 性能评估完成 - 总会话数: 130, 平均准确率: 1.0019
[2026-02-03 12:52:39.554200] 系统增强迭代 #1290 完成
[2026-02-03 12:52:39.554235] 系统健康检查: healthy
[2026-02-03 12:52:44.554778] 系统健康检查: healthy
[2026-02-03T12:52:49.526406] 完成一次学习步骤，处理了6条数据
[2026-02-03 12:52:49.555272] 系统增强迭代 #1300 完成
[2026-02-03 12:52:49.555305] 系统健康检查: healthy
[2026-02-03 12:52:54.555848] 系统健康检查: healthy
[2026-02-03T12:52:59.528388] 完成一次学习步骤，处理了12条数据
[2026-02-03 12:52:59.556385] 系统增强迭代 #1310 完成
[2026-02-03 12:52:59.556422] 系统健康检查: healthy
[2026-02-03 12:53:04.556951] 系统健康检查: healthy
[2026-02-03T12:53:09.530370] 完成一次学习步骤，处理了5条数据
[2026-02-03 12:53:09.557503] 系统增强迭代 #1320 完成
[2026-02-03 12:53:09.557538] 系统健康检查: healthy
[2026-02-03 12:53:14.558138] 系统健康检查: healthy
[2026-02-03T12:53:19.532495] 完成一次学习步骤，处理了15条数据
[2026-02-03 12:53:19.558946] 系统增强迭代 #1330 完成
[2026-02-03 12:53:19.558986] 系统健康检查: healthy
[2026-02-03 12:53:24.560862] 系统健康检查: healthy
[2026-02-03T12:53:29.534966] 完成一次学习步骤，处理了12条数据
[2026-02-03T12:53:29.535224] 性能评估完成 - 总会话数: 135, 平均准确率: 1.0034
[2026-02-03 12:53:29.561381] 系统增强迭代 #1340 完成
[2026-02-03 12:53:29.561436] 系统健康检查: healthy
[2026-02-03 12:53:34.561974] 系统健康检查: healthy
[2026-02-03T12:53:39.541859] 完成一次学习步骤，处理了8条数据
[2026-02-03 12:53:39.564826] 系统增强迭代 #1350 完成
[2026-02-03 12:53:39.564869] 系统健康检查: healthy
[2026-02-03 12:53:44.565413] 系统健康检查: healthy
[2026-02-03T12:53:49.544829] 完成一次学习步骤，处理了8条数据
[2026-02-03 12:53:49.568089] 系统增强迭代 #1360 完成
[2026-02-03 12:53:49.568139] 系统健康检查: healthy
[2026-02-03 12:53:54.568663] 系统健康检查: healthy
[2026-02-03T12:53:59.549573] 完成一次学习步骤，处理了7条数据
[2026-02-03 12:53:59.569249] 系统增强迭代 #1370 完成
[2026-02-03 12:53:59.569303] 系统健康检查: healthy
[2026-02-03 12:54:04.569863] 系统健康检查: healthy
[2026-02-03T12:54:09.551662] 完成一次学习步骤，处理了10条数据
[2026-02-03 12:54:09.570472] 系统增强迭代 #1380 完成
[2026-02-03 12:54:09.570518] 系统健康检查: healthy
[2026-02-03 12:54:14.571020] 系统健康检查: healthy
[2026-02-03T12:54:19.555411] 完成一次学习步骤，处理了14条数据
[2026-02-03T12:54:19.555624] 性能评估完成 - 总会话数: 140, 平均准确率: 1.0031
[2026-02-03 12:54:19.571545] 系统增强迭代 #1390 完成
[2026-02-03 12:54:19.571587] 系统健康检查: healthy
[2026-02-03 12:54:24.572100] 系统健康检查: healthy
[2026-02-03T12:54:29.557870] 完成一次学习步骤，处理了11条数据
[2026-02-03 12:54:29.572615] 系统增强迭代 #1400 完成
[2026-02-03 12:54:29.572647] 系统健康检查: healthy
[2026-02-03 12:54:34.573177] 系统健康检查: healthy
[2026-02-03T12:54:39.560154] 完成一次学习步骤，处理了12条数据
[2026-02-03 12:54:39.573683] 系统增强迭代 #1410 完成
[2026-02-03 12:54:39.573712] 系统健康检查: healthy
[2026-02-03 12:54:44.574273] 系统健康检查: healthy
[2026-02-03T12:54:49.562449] 完成一次学习步骤，处理了8条数据
[2026-02-03 12:54:49.575187] 系统增强迭代 #1420 完成
[2026-02-03 12:54:49.575231] 系统健康检查: healthy
[2026-02-03 12:54:54.575673] 系统健康检查: healthy
[2026-02-03T12:54:59.564862] 完成一次学习步骤，处理了10条数据
[2026-02-03 12:54:59.576208] 系统增强迭代 #1430 完成
[2026-02-03 12:54:59.576242] 系统健康检查: healthy
[2026-02-03 12:55:04.576800] 系统健康检查: healthy
[2026-02-03T12:55:09.567335] 完成一次学习步骤，处理了10条数据
[2026-02-03T12:55:09.567559] 性能评估完成 - 总会话数: 145, 平均准确率: 1.0034
[2026-02-03 12:55:09.577282] 系统增强迭代 #1440 完成
[2026-02-03 12:55:09.577358] 系统健康检查: healthy
[2026-02-03 12:55:14.577953] 系统健康检查: healthy
[2026-02-03T12:55:19.569970] 完成一次学习步骤，处理了13条数据
[2026-02-03 12:55:19.578509] 系统增强迭代 #1450 完成
[2026-02-03 12:55:19.578556] 系统健康检查: healthy
[2026-02-03 12:55:24.579157] 系统健康检查: healthy
[2026-02-03T12:55:29.574455] 完成一次学习步骤，处理了7条数据
[2026-02-03 12:55:29.580120] 系统增强迭代 #1460 完成
[2026-02-03 12:55:29.580153] 系统健康检查: healthy
[2026-02-03 12:55:34.581244] 系统健康检查: healthy
[2026-02-03T12:55:39.578777] 完成一次学习步骤，处理了14条数据
[2026-02-03 12:55:39.583513] 系统增强迭代 #1470 完成
[2026-02-03 12:55:39.583553] 系统健康检查: healthy
[2026-02-03 12:55:44.584038] 系统健康检查: healthy
[2026-02-03T12:55:49.584151] 完成一次学习步骤，处理了13条数据
[2026-02-03 12:55:49.586216] 系统增强迭代 #1480 完成
[2026-02-03 12:55:49.586256] 系统健康检查: healthy
[2026-02-03 12:55:54.586780] 系统健康检查: healthy
[2026-02-03 12:55:59.588173] 系统增强迭代 #1490 完成
