启动TW3.0不间断运行保障系统
系统健康监控已启动
不间断运行保障系统已启动
系统已进入24小时不间断运行模式
健康监控已启动，异常恢复机制已激活，定期备份将自动执行
系统运行正常，当前健康状态: 2.5% CPU, 30.7% 内存
系统运行正常，当前健康状态: 2.0% CPU, 30.5% 内存
系统运行正常，当前健康状态: 1.0% CPU, 30.6% 内存
系统运行正常，当前健康状态: 1.0% CPU, 30.6% 内存
系统运行正常，当前健康状态: 1.5% CPU, 30.5% 内存
系统运行正常，当前健康状态: 1.5% CPU, 30.8% 内存
系统运行正常，当前健康状态: 2.5% CPU, 30.8% 内存
系统运行正常，当前健康状态: 1.0% CPU, 30.6% 内存
系统运行正常，当前健康状态: 1.0% CPU, 30.7% 内存
系统运行正常，当前健康状态: 1.5% CPU, 30.5% 内存
系统运行正常，当前健康状态: 1.0% CPU, 30.5% 内存
系统运行正常，当前健康状态: 2.0% CPU, 30.6% 内存
系统运行正常，当前健康状态: 0.0% CPU, 30.6% 内存
系统运行正常，当前健康状态: 6.0% CPU, 30.5% 内存
系统运行正常，当前健康状态: 0.5% CPU, 30.5% 内存
系统运行正常，当前健康状态: 1.5% CPU, 30.6% 内存
系统运行正常，当前健康状态: 2.5% CPU, 30.6% 内存
系统运行正常，当前健康状态: 1.0% CPU, 30.4% 内存
系统运行正常，当前健康状态: 1.5% CPU, 30.5% 内存
系统运行正常，当前健康状态: 0.5% CPU, 30.6% 内存
系统运行正常，当前健康状态: 2.0% CPU, 30.3% 内存
系统运行正常，当前健康状态: 1.0% CPU, 30.3% 内存
系统运行正常，当前健康状态: 1.5% CPU, 30.2% 内存
系统运行正常，当前健康状态: 1.5% CPU, 30.4% 内存
系统运行正常，当前健康状态: 0.5% CPU, 30.5% 内存
系统运行正常，当前健康状态: 2.0% CPU, 30.3% 内存
系统运行正常，当前健康状态: 1.5% CPU, 30.4% 内存
系统运行正常，当前健康状态: 1.5% CPU, 30.4% 内存
系统运行正常，当前健康状态: 1.5% CPU, 30.4% 内存
系统运行正常，当前健康状态: 4.5% CPU, 30.5% 内存
系统运行正常，当前健康状态: 1.5% CPU, 30.6% 内存
系统运行正常，当前健康状态: 2.0% CPU, 30.6% 内存
系统运行正常，当前健康状态: 2.0% CPU, 30.8% 内存
系统运行正常，当前健康状态: 1.0% CPU, 30.6% 内存
系统运行正常，当前健康状态: 1.0% CPU, 30.5% 内存
系统运行正常，当前健康状态: 2.0% CPU, 30.5% 内存
系统运行正常，当前健康状态: 1.5% CPU, 30.3% 内存
系统运行正常，当前健康状态: 1.0% CPU, 30.3% 内存
系统运行正常，当前健康状态: 1.5% CPU, 30.3% 内存
系统运行正常，当前健康状态: 1.0% CPU, 30.4% 内存
系统运行正常，当前健康状态: 1.5% CPU, 30.7% 内存
系统运行正常，当前健康状态: 1.5% CPU, 30.8% 内存
系统运行正常，当前健康状态: 0.5% CPU, 30.8% 内存
系统运行正常，当前健康状态: 1.5% CPU, 30.8% 内存
系统运行正常，当前健康状态: 0.5% CPU, 30.9% 内存
系统运行正常，当前健康状态: 2.0% CPU, 30.9% 内存
系统运行正常，当前健康状态: 2.0% CPU, 30.9% 内存
系统运行正常，当前健康状态: 1.5% CPU, 30.9% 内存
系统运行正常，当前健康状态: 1.0% CPU, 30.7% 内存
系统运行正常，当前健康状态: 1.0% CPU, 30.6% 内存
系统运行正常，当前健康状态: 1.5% CPU, 30.4% 内存
系统运行正常，当前健康状态: 2.0% CPU, 30.4% 内存
系统运行正常，当前健康状态: 2.0% CPU, 30.4% 内存
系统运行正常，当前健康状态: 1.5% CPU, 30.7% 内存
系统运行正常，当前健康状态: 0.5% CPU, 30.7% 内存
系统运行正常，当前健康状态: 1.5% CPU, 30.2% 内存
系统运行正常，当前健康状态: 1.5% CPU, 30.2% 内存
系统运行正常，当前健康状态: 2.0% CPU, 30.4% 内存
系统运行正常，当前健康状态: 2.0% CPU, 30.5% 内存
系统运行正常，当前健康状态: 1.0% CPU, 30.7% 内存
系统运行正常，当前健康状态: 4.5% CPU, 30.8% 内存
系统运行正常，当前健康状态: 2.0% CPU, 30.8% 内存
系统运行正常，当前健康状态: 2.0% CPU, 31.0% 内存
系统运行正常，当前健康状态: 1.0% CPU, 31.0% 内存
系统运行正常，当前健康状态: 1.0% CPU, 30.9% 内存
系统运行正常，当前健康状态: 0.5% CPU, 30.9% 内存
系统运行正常，当前健康状态: 2.5% CPU, 30.7% 内存
系统运行正常，当前健康状态: 1.0% CPU, 30.8% 内存
系统运行正常，当前健康状态: 1.0% CPU, 30.2% 内存
系统运行正常，当前健康状态: 1.5% CPU, 30.5% 内存
系统运行正常，当前健康状态: 0.5% CPU, 30.8% 内存
系统运行正常，当前健康状态: 2.5% CPU, 31.0% 内存
系统运行正常，当前健康状态: 1.5% CPU, 31.2% 内存
系统运行正常，当前健康状态: 1.0% CPU, 31.2% 内存
系统运行正常，当前健康状态: 1.0% CPU, 31.1% 内存
系统运行正常，当前健康状态: 0.5% CPU, 31.0% 内存
系统运行正常，当前健康状态: 1.5% CPU, 31.1% 内存
系统运行正常，当前健康状态: 1.5% CPU, 31.1% 内存
系统运行正常，当前健康状态: 1.5% CPU, 31.0% 内存
系统运行正常，当前健康状态: 1.5% CPU, 30.9% 内存
系统运行正常，当前健康状态: 1.0% CPU, 30.9% 内存
系统运行正常，当前健康状态: 1.5% CPU, 30.9% 内存
系统运行正常，当前健康状态: 1.5% CPU, 30.8% 内存
系统运行正常，当前健康状态: 2.5% CPU, 30.7% 内存
系统运行正常，当前健康状态: 0.5% CPU, 30.2% 内存
系统运行正常，当前健康状态: 1.0% CPU, 30.4% 内存
系统运行正常，当前健康状态: 2.0% CPU, 30.5% 内存
系统运行正常，当前健康状态: 2.0% CPU, 30.6% 内存
系统运行正常，当前健康状态: 1.5% CPU, 30.7% 内存
系统运行正常，当前健康状态: 1.5% CPU, 32.1% 内存
系统运行正常，当前健康状态: 0.5% CPU, 33.0% 内存
系统运行正常，当前健康状态: 1.5% CPU, 33.7% 内存
系统运行正常，当前健康状态: 2.0% CPU, 34.2% 内存
系统运行正常，当前健康状态: 2.0% CPU, 33.9% 内存
系统运行正常，当前健康状态: 2.0% CPU, 33.9% 内存
系统运行正常，当前健康状态: 1.5% CPU, 34.0% 内存
系统运行正常，当前健康状态: 0.5% CPU, 33.8% 内存
系统运行正常，当前健康状态: 1.5% CPU, 33.7% 内存
系统运行正常，当前健康状态: 1.0% CPU, 33.7% 内存
系统运行正常，当前健康状态: 2.0% CPU, 33.9% 内存
系统运行正常，当前健康状态: 1.5% CPU, 34.0% 内存
系统运行正常，当前健康状态: 1.0% CPU, 34.1% 内存
系统运行正常，当前健康状态: 2.5% CPU, 33.9% 内存
系统运行正常，当前健康状态: 1.5% CPU, 33.9% 内存
系统运行正常，当前健康状态: 1.5% CPU, 34.0% 内存
系统运行正常，当前健康状态: 1.5% CPU, 34.2% 内存
系统运行正常，当前健康状态: 0.5% CPU, 33.8% 内存
系统运行正常，当前健康状态: 2.0% CPU, 33.9% 内存
系统运行正常，当前健康状态: 1.5% CPU, 34.1% 内存
系统运行正常，当前健康状态: 1.5% CPU, 33.9% 内存
系统运行正常，当前健康状态: 1.5% CPU, 33.7% 内存
系统运行正常，当前健康状态: 2.5% CPU, 33.7% 内存
系统运行正常，当前健康状态: 2.0% CPU, 34.0% 内存
系统运行正常，当前健康状态: 2.0% CPU, 34.2% 内存
系统运行正常，当前健康状态: 3.0% CPU, 33.8% 内存
系统运行正常，当前健康状态: 1.0% CPU, 33.8% 内存
系统运行正常，当前健康状态: 2.5% CPU, 33.6% 内存
系统运行正常，当前健康状态: 2.5% CPU, 33.6% 内存
系统运行正常，当前健康状态: 2.0% CPU, 33.9% 内存
系统运行正常，当前健康状态: 37.9% CPU, 34.5% 内存
系统运行正常，当前健康状态: 1.0% CPU, 34.5% 内存
系统运行正常，当前健康状态: 1.5% CPU, 34.5% 内存
系统运行正常，当前健康状态: 1.5% CPU, 33.9% 内存
系统运行正常，当前健康状态: 2.5% CPU, 33.9% 内存
