2026-01-31 21:59:07,798 [INFO] TW3_Main: 运行调试诊断...
2026-01-31 21:59:07,798 [INFO] TW3_Main: ============================================================
2026-01-31 21:59:07,798 [INFO] TW3_Main: TW3.0 系统状态检查 - 2026-01-31 21:59:07.798576
2026-01-31 21:59:07,798 [INFO] TW3_Main: 运行模块:
2026-01-31 21:59:07,798 [INFO] TW3_Main: - 核心分析引擎 (TW1.0): 运行中
2026-01-31 21:59:07,798 [INFO] TW3_Main: - 交互界面 (TW2.0): 准备就绪
2026-01-31 21:59:07,798 [INFO] TW3_Main: - 自我迭代强化: 运行中
2026-01-31 21:59:07,798 [INFO] TW3_Main: - 训练数据: 已加载
2026-01-31 21:59:07,798 [INFO] TW3_Main: - 持续学习进程: 运行中
2026-01-31 21:59:07,798 [INFO] TW3_Main: ============================================================
2026-01-31 21:59:07,798 [INFO] TW3_Main: 开始系统健康检查...
2026-01-31 21:59:07,798 [INFO] TW3_Main: 健康检查结果:
2026-01-31 21:59:07,799 [INFO] TW3_Main:   continuous_learning: True
2026-01-31 21:59:07,799 [INFO] TW3_Main:   analysis_engine: True
2026-01-31 21:59:07,799 [INFO] TW3_Main:   interface_responsive: True
2026-01-31 21:59:07,799 [INFO] TW3_Main:   data_integrity: True
2026-01-31 21:59:07,799 [INFO] TW3_Main:   memory_usage: normal
2026-01-31 21:59:07,799 [INFO] TW3_Main:   cpu_usage: normal
2026-01-31 21:59:08,302 [INFO] TW3_Main: 调试诊断完成
2026-01-31 21:59:08,302 [INFO] TW3_Main: 监控迭代 #0, 时间: 2026-01-31 21:59:08.302759
2026-01-31 21:59:08,302 [INFO] TW3_Main: 运行调试诊断...
2026-01-31 21:59:08,302 [INFO] TW3_Main: ============================================================
2026-01-31 21:59:08,303 [INFO] TW3_Main: TW3.0 系统状态检查 - 2026-01-31 21:59:08.303042
2026-01-31 21:59:08,303 [INFO] TW3_Main: 运行模块:
2026-01-31 21:59:08,303 [INFO] TW3_Main: 调试监控已启动
2026-01-31 21:59:08,303 [INFO] TW3_Main: - 核心分析引擎 (TW1.0): 运行中
2026-01-31 21:59:08,303 [INFO] TW3_Main: - 交互界面 (TW2.0): 准备就绪
2026-01-31 21:59:08,303 [INFO] TW3_Main: - 自我迭代强化: 运行中
2026-01-31 21:59:08,303 [INFO] TW3_Main: - 训练数据: 已加载
2026-01-31 21:59:08,303 [INFO] TW3_Main: - 持续学习进程: 运行中
2026-01-31 21:59:08,303 [INFO] TW3_Main: ============================================================
2026-01-31 21:59:08,303 [INFO] TW3_Main: 开始系统健康检查...
2026-01-31 21:59:08,303 [INFO] TW3_Main: 健康检查结果:
2026-01-31 21:59:08,303 [INFO] TW3_Main:   continuous_learning: True
2026-01-31 21:59:08,303 [INFO] TW3_Main:   analysis_engine: True
2026-01-31 21:59:08,303 [INFO] TW3_Main:   interface_responsive: True
2026-01-31 21:59:08,303 [INFO] TW3_Main:   data_integrity: True
2026-01-31 21:59:08,303 [INFO] TW3_Main:   memory_usage: normal
2026-01-31 21:59:08,304 [INFO] TW3_Main:   cpu_usage: normal
2026-01-31 21:59:08,806 [INFO] TW3_Main: 调试诊断完成
