启动主动汇报程序...
ACTIVE_REPORT: **项目进展汇报 #1**
时间：22:23:40
状态：TW3.0开发正常进行中
详情：
正在开发解说能力增强模块

ActiveReporter已启动
ACTIVE_REPORT: **项目进展汇报 #2**
时间：22:24:10
状态：TW3.0开发正常进行中
详情：
正在开发解说能力增强模块

ACTIVE_REPORT: **项目进展汇报 #3**
时间：22:24:40
状态：TW3.0开发正常进行中
详情：
正在开发解说能力增强模块

ACTIVE_REPORT: **项目进展汇报 #4**
时间：22:25:10
状态：TW3.0开发正常进行中
详情：
正在开发解说能力增强模块

ACTIVE_REPORT: **项目进展汇报 #5**
时间：22:25:40
状态：TW3.0开发正常进行中
详情：
正在开发解说能力增强模块

ACTIVE_REPORT: **项目进展汇报 #6**
时间：22:26:10
状态：TW3.0开发正常进行中
详情：
正在开发解说能力增强模块

ACTIVE_REPORT: **项目进展汇报 #7**
时间：22:26:40
状态：TW3.0开发正常进行中
详情：
正在开发解说能力增强模块

ACTIVE_REPORT: **项目进展汇报 #8**
时间：22:27:10
状态：TW3.0开发正常进行中
详情：
正在开发解说能力增强模块

ACTIVE_REPORT: **项目进展汇报 #9**
时间：22:27:40
状态：TW3.0开发正常进行中
详情：
正在开发解说能力增强模块

ACTIVE_REPORT: **项目进展汇报 #10**
时间：22:28:10
状态：TW3.0开发正常进行中
详情：
正在开发解说能力增强模块

ACTIVE_REPORT: **项目进展汇报 #11**
时间：22:28:40
状态：TW3.0开发正常进行中
详情：
# TW3.0项目状态

## 当前开发进度
- [x] 意图识别模块 - 已完成
- [.] 死活分析模块 - 开发中 (95%)
- [.] 目数增减分析 - 待开始
- [ ] 厚薄分析能力 - 待开始
- [ ] 轻重分析能力 - 待开始

## 今日重点任务
- 完成死活分析模块（预计22:30完成）
- 开始目数增减分析模块的开发

## 当前工作
- 正在完善死活判断算法的边界条件
- 测试各种棋形的死活判断准确性

## 预计完成时间
- 2月2日前完成解说能力增强所有模块

ACTIVE_REPORT: **项目进展汇报 #12**
时间：22:29:10
状态：TW3.0开发正常进行中
详情：
# TW3.0项目状态

## 当前开发进度
- [x] 意图识别模块 - 已完成
- [.] 死活分析模块 - 开发中 (95%)
- [.] 目数增减分析 - 待开始
- [ ] 厚薄分析能力 - 待开始
- [ ] 轻重分析能力 - 待开始

## 今日重点任务
- 完成死活分析模块（预计22:30完成）
- 开始目数增减分析模块的开发

## 当前工作
- 正在完善死活判断算法的边界条件
- 测试各种棋形的死活判断准确性

## 预计完成时间
- 2月2日前完成解说能力增强所有模块

ACTIVE_REPORT: **项目进展汇报 #13**
时间：22:29:40
状态：TW3.0开发正常进行中
详情：
# TW3.0项目状态

## 当前开发进度
- [x] 意图识别模块 - 已完成
- [.] 死活分析模块 - 开发中 (95%)
- [.] 目数增减分析 - 待开始
- [ ] 厚薄分析能力 - 待开始
- [ ] 轻重分析能力 - 待开始

## 今日重点任务
- 完成死活分析模块（预计22:30完成）
- 开始目数增减分析模块的开发

## 当前工作
- 正在完善死活判断算法的边界条件
- 测试各种棋形的死活判断准确性

## 预计完成时间
- 2月2日前完成解说能力增强所有模块

ACTIVE_REPORT: **项目进展汇报 #14**
时间：22:30:10
状态：TW3.0开发正常进行中
详情：
# TW3.0项目状态

## 当前开发进度
- [x] 意图识别模块 - 已完成
- [.] 死活分析模块 - 开发中 (95%)
- [.] 目数增减分析 - 待开始
- [ ] 厚薄分析能力 - 待开始
- [ ] 轻重分析能力 - 待开始

## 今日重点任务
- 完成死活分析模块（预计22:30完成）
- 开始目数增减分析模块的开发

## 当前工作
- 正在完善死活判断算法的边界条件
- 测试各种棋形的死活判断准确性

## 预计完成时间
- 2月2日前完成解说能力增强所有模块

ACTIVE_REPORT: **项目进展汇报 #15**
时间：22:30:40
状态：TW3.0开发正常进行中
详情：
# TW3.0项目状态

## 当前开发进度
- [x] 意图识别模块 - 已完成
- [.] 死活分析模块 - 开发中 (95%)
- [.] 目数增减分析 - 待开始
- [ ] 厚薄分析能力 - 待开始
- [ ] 轻重分析能力 - 待开始

## 今日重点任务
- 完成死活分析模块（预计22:30完成）
- 开始目数增减分析模块的开发

## 当前工作
- 正在完善死活判断算法的边界条件
- 测试各种棋形的死活判断准确性

## 预计完成时间
- 2月2日前完成解说能力增强所有模块

ACTIVE_REPORT: **项目进展汇报 #16**
时间：22:31:10
状态：TW3.0开发正常进行中
详情：
# TW3.0项目状态

## 当前开发进度
- [x] 意图识别模块 - 已完成
- [.] 死活分析模块 - 开发中 (95%)
- [.] 目数增减分析 - 待开始
- [ ] 厚薄分析能力 - 待开始
- [ ] 轻重分析能力 - 待开始

## 今日重点任务
- 完成死活分析模块（预计22:30完成）
- 开始目数增减分析模块的开发

## 当前工作
- 正在完善死活判断算法的边界条件
- 测试各种棋形的死活判断准确性

## 预计完成时间
- 2月2日前完成解说能力增强所有模块

ACTIVE_REPORT: **项目进展汇报 #17**
时间：22:31:40
状态：TW3.0开发正常进行中
详情：
# TW3.0项目状态

## 当前开发进度
- [x] 意图识别模块 - 已完成
- [.] 死活分析模块 - 开发中 (95%)
- [.] 目数增减分析 - 待开始
- [ ] 厚薄分析能力 - 待开始
- [ ] 轻重分析能力 - 待开始

## 今日重点任务
- 完成死活分析模块（预计22:30完成）
- 开始目数增减分析模块的开发

## 当前工作
- 正在完善死活判断算法的边界条件
- 测试各种棋形的死活判断准确性

## 预计完成时间
- 2月2日前完成解说能力增强所有模块

ACTIVE_REPORT: **项目进展汇报 #18**
时间：22:32:10
状态：TW3.0开发正常进行中
详情：
# TW3.0项目状态

## 当前开发进度
- [x] 意图识别模块 - 已完成
- [.] 死活分析模块 - 开发中 (95%)
- [.] 目数增减分析 - 待开始
- [ ] 厚薄分析能力 - 待开始
- [ ] 轻重分析能力 - 待开始

## 今日重点任务
- 完成死活分析模块（预计22:30完成）
- 开始目数增减分析模块的开发

## 当前工作
- 正在完善死活判断算法的边界条件
- 测试各种棋形的死活判断准确性

## 预计完成时间
- 2月2日前完成解说能力增强所有模块

ACTIVE_REPORT: **项目进展汇报 #19**
时间：22:32:40
状态：TW3.0开发正常进行中
详情：
# TW3.0项目状态

## 当前开发进度
- [x] 意图识别模块 - 已完成
- [.] 死活分析模块 - 开发中 (95%)
- [.] 目数增减分析 - 待开始
- [ ] 厚薄分析能力 - 待开始
- [ ] 轻重分析能力 - 待开始

## 今日重点任务
- 完成死活分析模块（预计22:30完成）
- 开始目数增减分析模块的开发

## 当前工作
- 正在完善死活判断算法的边界条件
- 测试各种棋形的死活判断准确性

## 预计完成时间
- 2月2日前完成解说能力增强所有模块

ACTIVE_REPORT: **项目进展汇报 #20**
时间：22:33:10
状态：TW3.0开发正常进行中
详情：
# TW3.0项目状态

## 当前开发进度
- [x] 意图识别模块 - 已完成
- [.] 死活分析模块 - 开发中 (95%)
- [.] 目数增减分析 - 待开始
- [ ] 厚薄分析能力 - 待开始
- [ ] 轻重分析能力 - 待开始

## 今日重点任务
- 完成死活分析模块（预计22:30完成）
- 开始目数增减分析模块的开发

## 当前工作
- 正在完善死活判断算法的边界条件
- 测试各种棋形的死活判断准确性

## 预计完成时间
- 2月2日前完成解说能力增强所有模块

ACTIVE_REPORT: **项目进展汇报 #21**
时间：22:33:40
状态：TW3.0开发正常进行中
详情：
# TW3.0项目状态

## 当前开发进度
- [x] 意图识别模块 - 已完成
- [.] 死活分析模块 - 开发中 (95%)
- [.] 目数增减分析 - 待开始
- [ ] 厚薄分析能力 - 待开始
- [ ] 轻重分析能力 - 待开始

## 今日重点任务
- 完成死活分析模块（预计22:30完成）
- 开始目数增减分析模块的开发

## 当前工作
- 正在完善死活判断算法的边界条件
- 测试各种棋形的死活判断准确性

## 预计完成时间
- 2月2日前完成解说能力增强所有模块

ACTIVE_REPORT: **项目进展汇报 #22**
时间：22:34:10
状态：TW3.0开发正常进行中
详情：
# TW3.0项目状态

## 当前开发进度
- [x] 意图识别模块 - 已完成
- [x] 死活分析模块 - 已完成
- [x] 目数增减分析 - 已完成
- [x] 厚薄分析能力 - 已完成
- [x] 轻重分析能力 - 已完成

## 今日重点任务
- 完成死活分析模块（预计22:30完成）
- 开始目数增减分析模块的开发

## 当前工作
- 正在完善死活判断算法的边界条件
- 测试各种棋形的死活判断准确性

## 预计完成时间
- 2月2日前完成解说能力增强所有模块

ACTIVE_REPORT: **项目进展汇报 #23**
时间：22:34:40
状态：TW3.0开发正常进行中
详情：
# TW3.0项目状态

## 当前开发进度
- [x] 意图识别模块 - 已完成
- [x] 死活分析模块 - 已完成
- [x] 目数增减分析 - 已完成
- [x] 厚薄分析能力 - 已完成
- [x] 轻重分析能力 - 已完成

## 今日重点任务
- 完成死活分析模块（预计22:30完成）
- 开始目数增减分析模块的开发

## 当前工作
- 正在完善死活判断算法的边界条件
- 测试各种棋形的死活判断准确性

## 预计完成时间
- 2月2日前完成解说能力增强所有模块

ACTIVE_REPORT: **项目进展汇报 #24**
时间：22:35:10
状态：TW3.0开发正常进行中
详情：
# TW3.0项目状态

## 当前开发进度
- [x] 意图识别模块 - 已完成
- [x] 死活分析模块 - 已完成
- [x] 目数增减分析 - 已完成
- [x] 厚薄分析能力 - 已完成
- [x] 轻重分析能力 - 已完成

## 今日重点任务
- 完成死活分析模块（预计22:30完成）
- 开始目数增减分析模块的开发

## 当前工作
- 正在完善死活判断算法的边界条件
- 测试各种棋形的死活判断准确性

## 预计完成时间
- 2月2日前完成解说能力增强所有模块

ACTIVE_REPORT: **项目进展汇报 #25**
时间：22:35:40
状态：TW3.0开发正常进行中
详情：
# TW3.0项目状态

## 当前开发进度
- [x] 意图识别模块 - 已完成
- [x] 死活分析模块 - 已完成
- [x] 目数增减分析 - 已完成
- [x] 厚薄分析能力 - 已完成
- [x] 轻重分析能力 - 已完成

## 今日重点任务
- 完成死活分析模块（预计22:30完成）
- 开始目数增减分析模块的开发

## 当前工作
- 正在完善死活判断算法的边界条件
- 测试各种棋形的死活判断准确性

## 预计完成时间
- 2月2日前完成解说能力增强所有模块

ACTIVE_REPORT: **项目进展汇报 #26**
时间：22:36:10
状态：TW3.0开发正常进行中
详情：
# TW3.0项目状态

## 当前开发进度
- [x] 意图识别模块 - 已完成
- [x] 死活分析模块 - 已完成
- [x] 目数增减分析 - 已完成
- [x] 厚薄分析能力 - 已完成
- [x] 轻重分析能力 - 已完成

## 今日重点任务
- 完成死活分析模块（预计22:30完成）
- 开始目数增减分析模块的开发

## 当前工作
- 正在完善死活判断算法的边界条件
- 测试各种棋形的死活判断准确性

## 预计完成时间
- 2月2日前完成解说能力增强所有模块

ACTIVE_REPORT: **项目进展汇报 #27**
时间：22:36:40
状态：TW3.0开发正常进行中
详情：
# TW3.0项目状态

## 当前开发进度
- [x] 意图识别模块 - 已完成
- [x] 死活分析模块 - 已完成
- [x] 目数增减分析 - 已完成
- [x] 厚薄分析能力 - 已完成
- [x] 轻重分析能力 - 已完成

## 今日重点任务
- 完成死活分析模块（预计22:30完成）
- 开始目数增减分析模块的开发

## 当前工作
- 正在完善死活判断算法的边界条件
- 测试各种棋形的死活判断准确性

## 预计完成时间
- 2月2日前完成解说能力增强所有模块

ACTIVE_REPORT: **项目进展汇报 #28**
时间：22:37:10
状态：TW3.0开发正常进行中
详情：
# TW3.0项目状态

## 当前开发进度
- [x] 意图识别模块 - 已完成
- [x] 死活分析模块 - 已完成
- [x] 目数增减分析 - 已完成
- [x] 厚薄分析能力 - 已完成
- [x] 轻重分析能力 - 已完成

## 今日重点任务
- 完成死活分析模块（预计22:30完成）
- 开始目数增减分析模块的开发

## 当前工作
- 正在完善死活判断算法的边界条件
- 测试各种棋形的死活判断准确性

## 预计完成时间
- 2月2日前完成解说能力增强所有模块

ACTIVE_REPORT: **项目进展汇报 #29**
时间：22:37:40
状态：TW3.0开发正常进行中
详情：
# TW3.0项目状态

## 当前开发进度
- [x] 意图识别模块 - 已完成
- [x] 死活分析模块 - 已完成
- [x] 目数增减分析 - 已完成
- [x] 厚薄分析能力 - 已完成
- [x] 轻重分析能力 - 已完成

## 今日重点任务
- 完成死活分析模块（预计22:30完成）
- 开始目数增减分析模块的开发

## 当前工作
- 正在完善死活判断算法的边界条件
- 测试各种棋形的死活判断准确性

## 预计完成时间
- 2月2日前完成解说能力增强所有模块

ACTIVE_REPORT: **项目进展汇报 #30**
时间：22:38:10
状态：TW3.0开发正常进行中
详情：
# TW3.0项目状态

## 当前开发进度
- [x] 意图识别模块 - 已完成
- [x] 死活分析模块 - 已完成
- [x] 目数增减分析 - 已完成
- [x] 厚薄分析能力 - 已完成
- [x] 轻重分析能力 - 已完成

## 今日重点任务
- 完成死活分析模块（预计22:30完成）
- 开始目数增减分析模块的开发

## 当前工作
- 正在完善死活判断算法的边界条件
- 测试各种棋形的死活判断准确性

## 预计完成时间
- 2月2日前完成解说能力增强所有模块

ACTIVE_REPORT: **项目进展汇报 #31**
时间：22:38:40
状态：TW3.0开发正常进行中
详情：
# TW3.0项目状态

## 当前开发进度
- [x] 意图识别模块 - 已完成
- [x] 死活分析模块 - 已完成
- [x] 目数增减分析 - 已完成
- [x] 厚薄分析能力 - 已完成
- [x] 轻重分析能力 - 已完成

## 今日重点任务
- 完成死活分析模块（预计22:30完成）
- 开始目数增减分析模块的开发

## 当前工作
- 正在完善死活判断算法的边界条件
- 测试各种棋形的死活判断准确性

## 预计完成时间
- 2月2日前完成解说能力增强所有模块

ACTIVE_REPORT: **项目进展汇报 #32**
时间：22:39:10
状态：TW3.0开发正常进行中
详情：
# TW3.0项目状态

## 当前开发进度
- [x] 意图识别模块 - 已完成
- [x] 死活分析模块 - 已完成
- [x] 目数增减分析 - 已完成
- [x] 厚薄分析能力 - 已完成
- [x] 轻重分析能力 - 已完成

## 今日重点任务
- 完成死活分析模块（预计22:30完成）
- 开始目数增减分析模块的开发

## 当前工作
- 正在完善死活判断算法的边界条件
- 测试各种棋形的死活判断准确性

## 预计完成时间
- 2月2日前完成解说能力增强所有模块

ACTIVE_REPORT: **项目进展汇报 #33**
时间：22:39:40
状态：TW3.0开发正常进行中
详情：
# TW3.0项目状态

## 当前开发进度
- [x] 意图识别模块 - 已完成
- [x] 死活分析模块 - 已完成
- [x] 目数增减分析 - 已完成
- [x] 厚薄分析能力 - 已完成
- [x] 轻重分析能力 - 已完成

## 今日重点任务
- 完成死活分析模块（预计22:30完成）
- 开始目数增减分析模块的开发

## 当前工作
- 正在完善死活判断算法的边界条件
- 测试各种棋形的死活判断准确性

## 预计完成时间
- 2月2日前完成解说能力增强所有模块

ACTIVE_REPORT: **项目进展汇报 #34**
时间：22:40:10
状态：TW3.0开发正常进行中
详情：
# TW3.0项目状态

## 当前开发进度
- [x] 意图识别模块 - 已完成
- [x] 死活分析模块 - 已完成
- [x] 目数增减分析 - 已完成
- [x] 厚薄分析能力 - 已完成
- [x] 轻重分析能力 - 已完成

## 今日重点任务
- 完成死活分析模块（预计22:30完成）
- 开始目数增减分析模块的开发

## 当前工作
- 正在完善死活判断算法的边界条件
- 测试各种棋形的死活判断准确性

## 预计完成时间
- 2月2日前完成解说能力增强所有模块

ACTIVE_REPORT: **项目进展汇报 #35**
时间：22:40:40
状态：TW3.0开发正常进行中
详情：
# TW3.0项目状态

## 当前开发进度
- [x] 意图识别模块 - 已完成
- [x] 死活分析模块 - 已完成
- [x] 目数增减分析 - 已完成
- [x] 厚薄分析能力 - 已完成
- [x] 轻重分析能力 - 已完成

## 今日重点任务
- 完成死活分析模块（预计22:30完成）
- 开始目数增减分析模块的开发

## 当前工作
- 正在完善死活判断算法的边界条件
- 测试各种棋形的死活判断准确性

## 预计完成时间
- 2月2日前完成解说能力增强所有模块

ACTIVE_REPORT: **项目进展汇报 #36**
时间：22:41:10
状态：TW3.0开发正常进行中
详情：
# TW3.0项目状态

## 当前开发进度
- [x] 意图识别模块 - 已完成
- [x] 死活分析模块 - 已完成
- [x] 目数增减分析 - 已完成
- [x] 厚薄分析能力 - 已完成
- [x] 轻重分析能力 - 已完成

## 今日重点任务
- 完成死活分析模块（预计22:30完成）
- 开始目数增减分析模块的开发

## 当前工作
- 正在完善死活判断算法的边界条件
- 测试各种棋形的死活判断准确性

## 预计完成时间
- 2月2日前完成解说能力增强所有模块

ACTIVE_REPORT: **项目进展汇报 #37**
时间：22:41:40
状态：TW3.0开发正常进行中
详情：
# TW3.0项目状态

## 当前开发进度
- [x] 意图识别模块 - 已完成
- [x] 死活分析模块 - 已完成
- [x] 目数增减分析 - 已完成
- [x] 厚薄分析能力 - 已完成
- [x] 轻重分析能力 - 已完成

## 今日重点任务
- 完成死活分析模块（预计22:30完成）
- 开始目数增减分析模块的开发

## 当前工作
- 正在完善死活判断算法的边界条件
- 测试各种棋形的死活判断准确性

## 预计完成时间
- 2月2日前完成解说能力增强所有模块

ACTIVE_REPORT: **项目进展汇报 #38**
时间：22:42:10
状态：TW3.0开发正常进行中
详情：
# TW3.0项目状态

## 当前开发进度
- [x] 意图识别模块 - 已完成
- [x] 死活分析模块 - 已完成
- [x] 目数增减分析 - 已完成
- [x] 厚薄分析能力 - 已完成
- [x] 轻重分析能力 - 已完成

## 今日重点任务
- 完成死活分析模块（预计22:30完成）
- 开始目数增减分析模块的开发

## 当前工作
- 正在完善死活判断算法的边界条件
- 测试各种棋形的死活判断准确性

## 预计完成时间
- 2月2日前完成解说能力增强所有模块

ACTIVE_REPORT: **项目进展汇报 #39**
时间：22:42:40
状态：TW3.0开发正常进行中
详情：
# TW3.0项目状态

## 当前开发进度
- [x] 意图识别模块 - 已完成
- [x] 死活分析模块 - 已完成
- [x] 目数增减分析 - 已完成
- [x] 厚薄分析能力 - 已完成
- [x] 轻重分析能力 - 已完成

## 今日重点任务
- 完成死活分析模块（预计22:30完成）
- 开始目数增减分析模块的开发

## 当前工作
- 正在完善死活判断算法的边界条件
- 测试各种棋形的死活判断准确性

## 预计完成时间
- 2月2日前完成解说能力增强所有模块

ACTIVE_REPORT: **项目进展汇报 #40**
时间：22:43:10
状态：TW3.0开发正常进行中
详情：
# TW3.0项目状态

## 当前开发进度
- [x] 意图识别模块 - 已完成
- [x] 死活分析模块 - 已完成
- [x] 目数增减分析 - 已完成
- [x] 厚薄分析能力 - 已完成
- [x] 轻重分析能力 - 已完成

## 今日重点任务
- 完成死活分析模块（预计22:30完成）
- 开始目数增减分析模块的开发

## 当前工作
- 正在完善死活判断算法的边界条件
- 测试各种棋形的死活判断准确性

## 预计完成时间
- 2月2日前完成解说能力增强所有模块

ACTIVE_REPORT: **项目进展汇报 #41**
时间：22:43:40
状态：TW3.0开发正常进行中
详情：
# TW3.0项目状态

## 当前开发进度
- [x] 意图识别模块 - 已完成
- [x] 死活分析模块 - 已完成
- [x] 目数增减分析 - 已完成
- [x] 厚薄分析能力 - 已完成
- [x] 轻重分析能力 - 已完成

## 今日重点任务
- 完成死活分析模块（预计22:30完成）
- 开始目数增减分析模块的开发

## 当前工作
- 正在完善死活判断算法的边界条件
- 测试各种棋形的死活判断准确性

## 预计完成时间
- 2月2日前完成解说能力增强所有模块

ACTIVE_REPORT: **项目进展汇报 #42**
时间：22:44:10
状态：TW3.0开发正常进行中
详情：
# TW3.0项目状态

## 当前开发进度
- [x] 意图识别模块 - 已完成
- [x] 死活分析模块 - 已完成
- [x] 目数增减分析 - 已完成
- [x] 厚薄分析能力 - 已完成
- [x] 轻重分析能力 - 已完成

## 今日重点任务
- 完成死活分析模块（预计22:30完成）
- 开始目数增减分析模块的开发

## 当前工作
- 正在完善死活判断算法的边界条件
- 测试各种棋形的死活判断准确性

## 预计完成时间
- 2月2日前完成解说能力增强所有模块

